GowinSynthesis start
Running parser ...
Analyzing Verilog file 'C:\wks\ework\FPGA\TangNano\20k\TangNanoZ80MEMCPM\TangNanoZ80MEMCPM_project\src\gowin_rpll\gowin_rpll.v'
Analyzing Verilog file 'C:\wks\ework\FPGA\TangNano\20k\TangNanoZ80MEMCPM\TangNanoZ80MEMCPM_project\src\sdhd_cpm.v'
Analyzing Verilog file 'C:\wks\ework\FPGA\TangNano\20k\TangNanoZ80MEMCPM\TangNanoZ80MEMCPM_project\src\top.v'
Analyzing included file 'C:\wks\ework\FPGA\TangNano\20k\TangNanoZ80MEMCPM\TangNanoZ80MEMCPM_project\src\rom.v'("C:\wks\ework\FPGA\TangNano\20k\TangNanoZ80MEMCPM\TangNanoZ80MEMCPM_project\src\top.v":255)
Back to file 'C:\wks\ework\FPGA\TangNano\20k\TangNanoZ80MEMCPM\TangNanoZ80MEMCPM_project\src\top.v'("C:\wks\ework\FPGA\TangNano\20k\TangNanoZ80MEMCPM\TangNanoZ80MEMCPM_project\src\top.v":255)
Analyzing Verilog file 'C:\wks\ework\FPGA\TangNano\20k\TangNanoZ80MEMCPM\TangNanoZ80MEMCPM_project\src\uart.v'
Analyzing Verilog file 'C:\wks\ework\FPGA\TangNano\20k\TangNanoZ80MEMCPM\TangNanoZ80MEMCPM_project\src\ws2812.v'
Compiling module 'top'("C:\wks\ework\FPGA\TangNano\20k\TangNanoZ80MEMCPM\TangNanoZ80MEMCPM_project\src\top.v":28)
Extracting RAM for identifier 'mem'("C:\wks\ework\FPGA\TangNano\20k\TangNanoZ80MEMCPM\TangNanoZ80MEMCPM_project\src\top.v":105)
Extracting RAM for identifier 'rom'("C:\wks\ework\FPGA\TangNano\20k\TangNanoZ80MEMCPM\TangNanoZ80MEMCPM_project\src\top.v":184)
Extracting RAM for identifier 'tx_buf'("C:\wks\ework\FPGA\TangNano\20k\TangNanoZ80MEMCPM\TangNanoZ80MEMCPM_project\src\top.v":296)
Compiling module 'uart_rx(CLK_FRQ=27000000,BAUD_RATE=115200)'("C:\wks\ework\FPGA\TangNano\20k\TangNanoZ80MEMCPM\TangNanoZ80MEMCPM_project\src\uart.v":117)
Compiling module 'uart_tx(CLK_FRQ=27000000,BAUD_RATE=115200)'("C:\wks\ework\FPGA\TangNano\20k\TangNanoZ80MEMCPM\TangNanoZ80MEMCPM_project\src\uart.v":11)
Compiling module 'sdhd_cpm'("C:\wks\ework\FPGA\TangNano\20k\TangNanoZ80MEMCPM\TangNanoZ80MEMCPM_project\src\sdhd_cpm.v":13)
Extracting RAM for identifier 'read_before_write_buf'("C:\wks\ework\FPGA\TangNano\20k\TangNanoZ80MEMCPM\TangNanoZ80MEMCPM_project\src\sdhd_cpm.v":235)
Compiling module 'ws2812'("C:\wks\ework\FPGA\TangNano\20k\TangNanoZ80MEMCPM\TangNanoZ80MEMCPM_project\src\ws2812.v":5)
NOTE  (EX0101) : Current top module is "top"
[5%] Running netlist conversion ...
Running device independent optimization ...
[10%] Optimizing Phase 0 completed
[15%] Optimizing Phase 1 completed
[25%] Optimizing Phase 2 completed
Running inference ...
[30%] Inferring Phase 0 completed
[40%] Inferring Phase 1 completed
[50%] Inferring Phase 2 completed
[55%] Inferring Phase 3 completed
Running technical mapping ...
[60%] Tech-Mapping Phase 0 completed
[65%] Tech-Mapping Phase 1 completed
[75%] Tech-Mapping Phase 2 completed
[80%] Tech-Mapping Phase 3 completed
[90%] Tech-Mapping Phase 4 completed
[95%] Generate netlist file "C:\wks\ework\FPGA\TangNano\20k\TangNanoZ80MEMCPM\TangNanoZ80MEMCPM_project\impl\gwsynthesis\TangNanoZ80MEMCPM_project.vg" completed
[100%] Generate report file "C:\wks\ework\FPGA\TangNano\20k\TangNanoZ80MEMCPM\TangNanoZ80MEMCPM_project\impl\gwsynthesis\TangNanoZ80MEMCPM_project_syn.rpt.html" completed
GowinSynthesis finish
