Reading netlist file: "C:\wks\ework\FPGA\TangNano\20k\TangNanoZ80MEMCPM\TangNanoZ80MEMCPM_project\impl\gwsynthesis\TangNanoZ80MEMCPM_project.vg"
Parsing netlist file "C:\wks\ework\FPGA\TangNano\20k\TangNanoZ80MEMCPM\TangNanoZ80MEMCPM_project\impl\gwsynthesis\TangNanoZ80MEMCPM_project.vg" completed
Processing netlist completed
Reading constraint file: "C:\wks\ework\FPGA\TangNano\20k\TangNanoZ80MEMCPM\TangNanoZ80MEMCPM_project\src\tn20k.cst"
Physical Constraint parsed completed
Running placement......
[10%] Placement Phase 0 completed
[20%] Placement Phase 1 completed
[30%] Placement Phase 2 completed
[50%] Placement Phase 3 completed
Running routing......
[60%] Routing Phase 0 completed
[70%] Routing Phase 1 completed
[80%] Routing Phase 2 completed
WARN  (PR1014) : Generic routing resource will be used to clock signal 'sys_clk_d' by the specified constraint. And then it may lead to the excessive delay or skew
WARN  (PR1014) : Generic routing resource will be used to clock signal 'MREQ_n_d' by the specified constraint. And then it may lead to the excessive delay or skew
WARN  (PR1014) : Generic routing resource will be used to clock signal 'IORQ_n_d' by the specified constraint. And then it may lead to the excessive delay or skew
[90%] Routing Phase 3 completed
Running timing analysis......
[95%] Timing analysis completed
Placement and routing completed
Bitstream generation in progress......
Bitstream generation completed
Running power analysis......
[100%] Power analysis completed
Generate file "C:\wks\ework\FPGA\TangNano\20k\TangNanoZ80MEMCPM\TangNanoZ80MEMCPM_project\impl\pnr\TangNanoZ80MEMCPM_project.power.html" completed
Generate file "C:\wks\ework\FPGA\TangNano\20k\TangNanoZ80MEMCPM\TangNanoZ80MEMCPM_project\impl\pnr\TangNanoZ80MEMCPM_project.pin.html" completed
Generate file "C:\wks\ework\FPGA\TangNano\20k\TangNanoZ80MEMCPM\TangNanoZ80MEMCPM_project\impl\pnr\TangNanoZ80MEMCPM_project.rpt.html" completed
Generate file "C:\wks\ework\FPGA\TangNano\20k\TangNanoZ80MEMCPM\TangNanoZ80MEMCPM_project\impl\pnr\TangNanoZ80MEMCPM_project.rpt.txt" completed
Generate file "C:\wks\ework\FPGA\TangNano\20k\TangNanoZ80MEMCPM\TangNanoZ80MEMCPM_project\impl\pnr\TangNanoZ80MEMCPM_project.tr.html" completed
Tue Jul 23 12:53:57 2024

